MPASM 5.71  /HOME/MATHEUS/DOCUMENTOS/DISCIPL   9-4-2024  10:52:50         PAGE  1


LOC  OBJECT CODE     LINE SOURCE TEXT
  VALUE

                      00001 ; TODO INSERT CONFIG CODE HERE USING CONFIG BITS GENERATOR
                      00002 
                      00003 ; PIC16F628A Configuration Bit Settings
                      00004 
                      00005 ; Assembly source line config statements
                      00006 
                      00007 #include "p16f628a.inc"
                      00001         LIST
                      00002 
                      00003 ;==========================================================================
                      00004 ; Build date : Nov 17 2016
                      00005 ;  MPASM PIC16F628A processor include
                      00006 ; 
                      00007 ;  (c) Copyright 1999-2016 Microchip Technology, All rights reserved
                      00008 ;==========================================================================
                      00009 
                      00386         LIST
                      00008 
                      00009 ; CONFIG
                      00010 ; __config 0x3F70
2007   3F70           00011     __CONFIG _FOSC_INTOSCIO & _WDTE_OFF & _PWRTE_ON & _MCLRE_ON & _BOREN_ON & _LVP_OFF & _CPD_OFF & _CP_
                            OFF
                      00012 
                      00013 
                      00014 ; MATHEUS CALEGARI MOIZINHO - 14/08/2024
                      00015 
                      00016 
                      00017 #define BANK0   BCF STATUS,RP0
                      00018 #define BANK1   BSF STATUS,RP0
                      00019 
Warning[205]: Found directive in column 1. (CBLOCK)
                      00020 CBLOCK 0X20
  00000020            00021     FILTRO
  00000021            00022     UNIDADE
  00000022            00023     FLAGS
Warning[205]: Found directive in column 1. (ENDC)
                      00024 ENDC
                      00025 
                      00026 ; variáveis
                      00027 #define JA_LI   FLAGS,0
                      00028 
                      00029 ; entradas
                      00030 #define B_ZERAR PORTA,1
                      00031 #define B_UP    PORTA,2
                      00032 #define B_DOWN  PORTA,3
                      00033 
                      00034 ; saídas
                      00035 #define DISPLAY PORTB
                      00036 
                      00037 ; constantes
  00000064            00038 V_FILTRO        equ .100
                      00039 
                      00040 
MPASM 5.71  /HOME/MATHEUS/DOCUMENTOS/DISCIPL   9-4-2024  10:52:50         PAGE  2


LOC  OBJECT CODE     LINE SOURCE TEXT
  VALUE

                      00041 RES_VECT  CODE    0x0000            ; processor reset vector
                      00042     
0000   1683           00043     BANK1                           ; seleciona banco 1 da memória
Message[302]: Register in operand not in bank 0.  Ensure that bank bits are correct.
0001   0186           00044     CLRF    TRISB                   ; configura PORTB como saída
0002   1283           00045     BANK0                           ; seleciona banco 0 da memória
                      00046     
0003   3064           00047     MOVLW   V_FILTRO                ; W = V_FILTRO (100)
0004   00A0           00048     MOVWF   FILTRO                  ; FILTRO = W
                      00049     
0005   1022           00050     BCF     JA_LI                   ; JA_LI = 0
0006   01A1           00051     CLRF    UNIDADE                 ; UNIDADE = 0
                      00052     
0007   2???           00053     CALL    ATUALIZA_DISPLAY        ; chama subrotina ATUALIZA_DISPLAY
                      00054 
                      00055     
0008                  00056 LACO_PRINCIPAL
                      00057     
0008   1C85           00058     BTFSS   B_ZERAR                 ; verifica B_ZERAR
0009   2???           00059     GOTO    B_ZERAR_ACIONADO        ; se acionado, pula para B_ZERAR_ACIONADO
                      00060     
000A   1D05           00061     BTFSS   B_UP                    ; verifica B_UP
000B   2???           00062     GOTO    B_UP_ACIONADO           ; se acionado, pula para B_UP_ACIONADO
                      00063 
000C   1D85           00064     BTFSS   B_DOWN                  ; verifica B_DOWN
000D   2???           00065     GOTO    B_DOWN_ACIONADO         ; se acionado, pula para B_DOWN_ACIONADO
                      00066     
                      00067         
000E   3064           00068     MOVLW   V_FILTRO                ; W = V_FILTRO (100)
000F   00A0           00069     MOVWF   FILTRO                  ; FILTRO = W
                      00070     
0010   1022           00071     BCF     JA_LI                   ; JA_LI = 0
                      00072     
0011   2???           00073     GOTO    LACO_PRINCIPAL          ; pula para LACO_PRINCIPAL
                      00074 
                      00075     
0012                  00076 B_ZERAR_ACIONADO
                      00077     
0012   01A1           00078     CLRF    UNIDADE                 ; zera UNIDADE
0013   2???           00079     CALL    ATUALIZA_DISPLAY        ; chama subrotina ATUALIZA_DISPLAY
                      00080     
0014   2???           00081     GOTO    LACO_PRINCIPAL          ; pula para LACO_PRINCIPAL
                      00082     
                      00083     
0015                  00084 B_UP_ACIONADO
                      00085     
0015   1822           00086     BTFSC   JA_LI                   ; verifica JA_LI
0016   2???           00087     GOTO    LACO_PRINCIPAL          ; se JA_LI = 1, pula para LACO_PRINCIPAL
                      00088     
0017   0BA0           00089     DECFSZ  FILTRO,F                ; decrementa FILTRO e verifica se zerou
0018   2???           00090     GOTO    LACO_PRINCIPAL          ; se não zerou, pula para LACO_PRINCIPAL
                      00091     
0019   1422           00092     BSF     JA_LI                   ; JA_LI = 1
MPASM 5.71  /HOME/MATHEUS/DOCUMENTOS/DISCIPL   9-4-2024  10:52:50         PAGE  3


LOC  OBJECT CODE     LINE SOURCE TEXT
  VALUE

001A   0AA1           00093     INCF    UNIDADE,F               ; UNIDADE++
                      00094     
001B   300A           00095     MOVLW   .10                     ; W = 10
001C   0221           00096     SUBWF   UNIDADE,W               ; W = UNIDADE - W
                      00097     
001D   1803           00098     BTFSC   STATUS,C                ; testa resultado negativo
001E   01A1           00099     CLRF    UNIDADE                 ; UNIDADE = 0
                      00100     
001F   2???           00101     CALL    ATUALIZA_DISPLAY        ; chama subrotina ATUALIZA_DISPLAY
                      00102     
0020   2???           00103     GOTO    LACO_PRINCIPAL          ; volta para início
                      00104     
                      00105 
0021                  00106 B_DOWN_ACIONADO
0021   1822           00107     BTFSC   JA_LI                   ; verifica JA_LI
0022   2???           00108     GOTO    LACO_PRINCIPAL          ; se JA_LI = 1, pula para LACO_PRINCIPAL
                      00109     
0023   0BA0           00110     DECFSZ  FILTRO,F                ; decrementa FILTRO e verifica se zerou
0024   2???           00111     GOTO    LACO_PRINCIPAL          ; se não zerou, pula para LACO_PRINCIPAL
                      00112     
0025   1422           00113     BSF     JA_LI                   ; JA_LI = 1
0026   03A1           00114     DECF    UNIDADE,F               ; UNIDADE--
                      00115     
0027   300A           00116     MOVLW   .10                     ; W = 10
0028   0221           00117     SUBWF   UNIDADE,W               ; W = UNIDADE - W
                      00118     
0029   1803           00119     BTFSC   STATUS,C                ; testa resultado negativo
002A   2???           00120     CALL    CARREGAR_9              ; UNIDADE = 9
                      00121     
002B   2???           00122     CALL    ATUALIZA_DISPLAY        ; chama subrotina ATUALIZA_DISPLAY
                      00123     
002C   2???           00124     GOTO    LACO_PRINCIPAL          ; volta para início
                      00125     
                      00126     
002D                  00127 CARREGAR_9
002D   3009           00128     MOVLW   .9
002E   00A1           00129     MOVWF   UNIDADE
002F   0008           00130     RETURN
                      00131     
                      00132     
0030                  00133 ATUALIZA_DISPLAY
                      00134     
0030   0821           00135     MOVF    UNIDADE,W               ; W = UNIDADE
                      00136     
0031   2???           00137     CALL    BUSCA_CODIGO            ; chama subrotina BUSCAR_CODIGO
                      00138     
0032   0086           00139     MOVWF   DISPLAY                 ; DISPLAY = W (PORTB = W)
                      00140     
0033   0008           00141     RETURN                          ; retorna de uma subrotina
                      00142     
                      00143 
0034                  00144 BUSCA_CODIGO
                      00145     
MPASM 5.71  /HOME/MATHEUS/DOCUMENTOS/DISCIPL   9-4-2024  10:52:50         PAGE  4


LOC  OBJECT CODE     LINE SOURCE TEXT
  VALUE

0034   0782           00146     ADDWF   PCL,F                   ; PCL = PCL + W
                      00147     
0035   34FE           00148     RETLW   0xFE                    ; retorna da subrotina com W = 0xFE - 0
0036   3438           00149     RETLW   0x38                    ; retorna da subrotina com W = 0x38 - 1
0037   34DD           00150     RETLW   0xDD                    ; retorna da subrotina com W = 0xDD - 2
0038   347D           00151     RETLW   0x7D                    ; retorna da subrotina com W = 0x7D - 3
0039   343B           00152     RETLW   0x3B                    ; retorna da subrotina com W = 0x3B - 4
003A   3477           00153     RETLW   0x77                    ; retorna da subrotina com W = 0x77 - 5
003B   34F7           00154     RETLW   0xF7                    ; retorna da subrotina com W = 0xF7 - 6
003C   343C           00155     RETLW   0x3C                    ; retorna da subrotina com W = 0x3C - 7
003D   34FF           00156     RETLW   0xFF                    ; retorna da subrotina com W = 0xFF - 8
003E   347F           00157     RETLW   0x7F                    ; retorna da subrotina com W = 0x7F - 9
                      00158     
3F70                  00159     END
MPASM 5.71  /HOME/MATHEUS/DOCUMENTOS/DISCIPL   9-4-2024  10:52:50         PAGE  5


SYMBOL TABLE
  LABEL                             VALUE 

ADDEN                             00000003
ADEN                              00000003
ATUALIZA_DISPLAY                  00000030
BANK0                             BCF STATUS,RP0
BANK1                             BSF STATUS,RP0
BRGH                              00000002
BUSCA_CODIGO                      00000034
B_DOWN                            PORTA,3
B_DOWN_ACIONADO                   00000021
B_UP                              PORTA,2
B_UP_ACIONADO                     00000015
B_ZERAR                           PORTA,1
B_ZERAR_ACIONADO                  00000012
C                                 00000000
C1INV                             00000004
C1OUT                             00000006
C2INV                             00000005
C2OUT                             00000007
CARREGAR_9                        0000002D
CCP1CON                           00000017
CCP1IE                            00000002
CCP1IF                            00000002
CCP1M0                            00000000
CCP1M1                            00000001
CCP1M2                            00000002
CCP1M3                            00000003
CCP1X                             00000005
CCP1Y                             00000004
CCPR1                             00000015
CCPR1H                            00000016
CCPR1L                            00000015
CIS                               00000003
CM0                               00000000
CM1                               00000001
CM2                               00000002
CMCON                             0000001F
CMIE                              00000006
CMIF                              00000006
CREN                              00000004
CSRC                              00000007
DATA_CP_OFF                       00003FFF
DATA_CP_ON                        00003EFF
DC                                00000001
DISPLAY                           PORTB
EEADR                             0000009B
EECON1                            0000009C
EECON2                            0000009D
EEDATA                            0000009A
EEIE                              00000007
EEIF                              00000007
F                                 00000001
FERR                              00000002
FILTRO                            00000020
MPASM 5.71  /HOME/MATHEUS/DOCUMENTOS/DISCIPL   9-4-2024  10:52:50         PAGE  6


SYMBOL TABLE
  LABEL                             VALUE 

FLAGS                             00000022
FSR                               00000004
GIE                               00000007
INDF                              00000000
INTCON                            0000000B
INTE                              00000004
INTEDG                            00000006
INTF                              00000001
IRP                               00000007
JA_LI                             FLAGS,0
LACO_PRINCIPAL                    00000008
NOT_BO                            00000000
NOT_BOD                           00000000
NOT_BOR                           00000000
NOT_PD                            00000003
NOT_POR                           00000001
NOT_RBPU                          00000007
NOT_T1SYNC                        00000002
NOT_TO                            00000004
OERR                              00000001
OPTION_REG                        00000081
OSCF                              00000003
PCL                               00000002
PCLATH                            0000000A
PCON                              0000008E
PEIE                              00000006
PIE1                              0000008C
PIR1                              0000000C
PORTA                             00000005
PORTB                             00000006
PR2                               00000092
PS0                               00000000
PS1                               00000001
PS2                               00000002
PSA                               00000003
RA0                               00000000
RA1                               00000001
RA2                               00000002
RA3                               00000003
RA4                               00000004
RA5                               00000005
RA6                               00000006
RA7                               00000007
RB0                               00000000
RB1                               00000001
RB2                               00000002
RB3                               00000003
RB4                               00000004
RB5                               00000005
RB6                               00000006
RB7                               00000007
RBIE                              00000003
RBIF                              00000000
MPASM 5.71  /HOME/MATHEUS/DOCUMENTOS/DISCIPL   9-4-2024  10:52:50         PAGE  7


SYMBOL TABLE
  LABEL                             VALUE 

RCIE                              00000005
RCIF                              00000005
RCREG                             0000001A
RCSTA                             00000018
RD                                00000000
RP0                               00000005
RP1                               00000006
RX9                               00000006
RX9D                              00000000
SPBRG                             00000099
SPEN                              00000007
SREN                              00000005
STATUS                            00000003
SYNC                              00000004
T0CS                              00000005
T0IE                              00000005
T0IF                              00000002
T0SE                              00000004
T1CKPS0                           00000004
T1CKPS1                           00000005
T1CON                             00000010
T1OSCEN                           00000003
T2CKPS0                           00000000
T2CKPS1                           00000001
T2CON                             00000012
TMR0                              00000001
TMR0IE                            00000005
TMR0IF                            00000002
TMR1                              0000000E
TMR1CS                            00000001
TMR1H                             0000000F
TMR1IE                            00000000
TMR1IF                            00000000
TMR1L                             0000000E
TMR1ON                            00000000
TMR2                              00000011
TMR2IE                            00000001
TMR2IF                            00000001
TMR2ON                            00000002
TOUTPS0                           00000003
TOUTPS1                           00000004
TOUTPS2                           00000005
TOUTPS3                           00000006
TRISA                             00000085
TRISA0                            00000000
TRISA1                            00000001
TRISA2                            00000002
TRISA3                            00000003
TRISA4                            00000004
TRISA5                            00000005
TRISA6                            00000006
TRISA7                            00000007
TRISB                             00000086
MPASM 5.71  /HOME/MATHEUS/DOCUMENTOS/DISCIPL   9-4-2024  10:52:50         PAGE  8


SYMBOL TABLE
  LABEL                             VALUE 

TRISB0                            00000000
TRISB1                            00000001
TRISB2                            00000002
TRISB3                            00000003
TRISB4                            00000004
TRISB5                            00000005
TRISB6                            00000006
TRISB7                            00000007
TRMT                              00000001
TX9                               00000006
TX9D                              00000000
TXEN                              00000005
TXIE                              00000004
TXIF                              00000004
TXREG                             00000019
TXSTA                             00000098
UNIDADE                           00000021
VR0                               00000000
VR1                               00000001
VR2                               00000002
VR3                               00000003
VRCON                             0000009F
VREN                              00000007
VROE                              00000006
VRR                               00000005
V_FILTRO                          00000064
W                                 00000000
WR                                00000001
WREN                              00000002
WRERR                             00000003
Z                                 00000002
_BODEN_OFF                        00003FBF
_BODEN_ON                         00003FFF
_BOREN_OFF                        00003FBF
_BOREN_ON                         00003FFF
_CONFIG                           00002007
_CPD_OFF                          00003FFF
_CPD_ON                           00003EFF
_CP_OFF                           00003FFF
_CP_ON                            00001FFF
_DEVID1                           00002006
_ER_OSC_CLKOUT                    00003FFF
_ER_OSC_NOCLKOUT                  00003FFE
_EXTCLK_OSC                       00003FEF
_FOSC_ECIO                        00003FEF
_FOSC_EXTRCCLK                    00003FFF
_FOSC_EXTRCIO                     00003FFE
_FOSC_HS                          00003FEE
_FOSC_INTOSCCLK                   00003FFD
_FOSC_INTOSCIO                    00003FFC
_FOSC_LP                          00003FEC
_FOSC_XT                          00003FED
_HS_OSC                           00003FEE
MPASM 5.71  /HOME/MATHEUS/DOCUMENTOS/DISCIPL   9-4-2024  10:52:50         PAGE  9


SYMBOL TABLE
  LABEL                             VALUE 

_IDLOC0                           00002000
_IDLOC1                           00002001
_IDLOC2                           00002002
_IDLOC3                           00002003
_INTOSC_OSC_CLKOUT                00003FFD
_INTOSC_OSC_NOCLKOUT              00003FFC
_INTRC_OSC_CLKOUT                 00003FFD
_INTRC_OSC_NOCLKOUT               00003FFC
_LP_OSC                           00003FEC
_LVP_OFF                          00003F7F
_LVP_ON                           00003FFF
_MCLRE_OFF                        00003FDF
_MCLRE_ON                         00003FFF
_PWRTE_OFF                        00003FFF
_PWRTE_ON                         00003FF7
_RC_OSC_CLKOUT                    00003FFF
_RC_OSC_NOCLKOUT                  00003FFE
_WDTE_OFF                         00003FFB
_WDTE_ON                          00003FFF
_WDT_OFF                          00003FFB
_WDT_ON                           00003FFF
_XT_OSC                           00003FED
__16F628A                         00000001

Errors   :     0
Warnings :     2 reported,     0 suppressed
Messages :     1 reported,     0 suppressed

