MPASM 5.71  /HOME/MATHEUS/DOCUMENTOS/DISCIPL   8-12-2024  19:26:16         PAGE  1


LOC  OBJECT CODE     LINE SOURCE TEXT
  VALUE

                      00001 ; TODO INSERT CONFIG CODE HERE USING CONFIG BITS GENERATOR
                      00002 
                      00003 ; PIC16F628A Configuration Bit Settings
                      00004 
                      00005 ; Assembly source line config statements
                      00006 
                      00007 #include "p16f628a.inc"
                      00001         LIST
                      00002 
                      00003 ;==========================================================================
                      00004 ; Build date : Nov 17 2016
                      00005 ;  MPASM PIC16F628A processor include
                      00006 ; 
                      00007 ;  (c) Copyright 1999-2016 Microchip Technology, All rights reserved
                      00008 ;==========================================================================
                      00009 
                      00386         LIST
                      00008 
                      00009 ; CONFIG
                      00010 ; __config 0x3F70
2007   3F70           00011  __CONFIG _FOSC_INTOSCIO & _WDTE_OFF & _PWRTE_ON & _MCLRE_ON & _BOREN_ON & _LVP_OFF & _CPD_OFF & _CP_OFF
                      00012 
                      00013 
                      00014 ; MATHEUS CALEGARI MOIZINHO - 08/2024 
                      00015  
                      00016 ; saídas
                      00017 #define LED0 PORTB,0
                      00018 #define LED1 PORTB,1
                      00019 #define LED2 PORTB,2
                      00020 #define LED3 PORTB,3
                      00021 
                      00022 ; entradas
                      00023 #define BOTAO_RA1 PORTA,1
                      00024 #define BOTAO_RA2 PORTA,2
                      00025 #define BOTAO_RA3 PORTA,3
                      00026 #define BOTAO_RA4 PORTA,4
                      00027 
                      00028 
                      00029 RES_VECT CODE 0x0000        ; processor reset vector
0000   1683           00030     BSF     STATUS,RP0      ; selecionar banco 1 da RAM
Message[302]: Register in operand not in bank 0.  Ensure that bank bits are correct.
0001   0186           00031     CLRF    TRISB           ; zerar o bit0 do TRISA e definir bit0 do PORTA como saída
0002   1283           00032     BCF     STATUS,RP0      ; selecionar banco 0 da RAM
                      00033 
0003   2???           00034     GOTO START              ; Ir para o início do programa
                      00035 
                      00036 ; definir configurações padrão fora de res_vect para reaproveitar
0004                  00037 START
0004   0186           00038     CLRF    PORTB           ; LEDs apagados
0005   2???           00039     GOTO    LIGAR_RB0
                      00040 
                      00041 
0006                  00042 LIGAR_RB0                   ; ligar RB0 caso RA1 seja pressionado
MPASM 5.71  /HOME/MATHEUS/DOCUMENTOS/DISCIPL   8-12-2024  19:26:16         PAGE  2


LOC  OBJECT CODE     LINE SOURCE TEXT
  VALUE

0006   1885           00043     BTFSC   BOTAO_RA1       ; verifica se RA1 foi pressionado, caso não tenha sido:
0007   2???           00044     GOTO    LIGAR_RB0       ; volta a verificar se foi pressionado
                      00045 
0008   1406           00046     BSF     LED0            ; caso tenha sido, acende LED0
                      00047 
0009   2???           00048     GOTO    LIGAR_RB1       ; repete o mesmo processo para LED1
                      00049 
000A                  00050 LIGAR_RB1
000A   1905           00051     BTFSC   BOTAO_RA2
000B   2???           00052     GOTO    LIGAR_RB1
                      00053 
000C   1486           00054     BSF     LED1
                      00055 
000D   2???           00056     GOTO    LIGAR_RB2
                      00057 
000E                  00058 LIGAR_RB2
000E   1985           00059     BTFSC   BOTAO_RA3
000F   2???           00060     GOTO    LIGAR_RB2
                      00061 
0010   1506           00062     BSF     LED2
                      00063 
0011   2???           00064     GOTO    LIGAR_RB3
                      00065 
0012                  00066 LIGAR_RB3
0012   1A05           00067     BTFSC   BOTAO_RA4
0013   2???           00068     GOTO    LIGAR_RB3
                      00069 
0014   1586           00070     BSF     LED3
                      00071 
0015   2???           00072     GOTO    DESLIGAR_RB0    ; como todos os LEDs estão acesos:
                      00073 
                      00074 
0016                  00075 DESLIGAR_RB0
0016   1885           00076     BTFSC   BOTAO_RA1       ; caso RA1 não seja pressionado,
0017   2???           00077     GOTO    DESLIGAR_RB0    ; ele volta a esperar RA1 ser pressionado
                      00078 
0018   1006           00079     BCF     LED0            ; RA1 foi pressionado, desligar LED0
                      00080 
0019   2???           00081     GOTO    DESLIGAR_RB1    ; repetir para todos os LEDs
                      00082 
001A                  00083 DESLIGAR_RB1
001A   1905           00084     BTFSC   BOTAO_RA2
001B   2???           00085     GOTO    DESLIGAR_RB1
                      00086 
001C   1086           00087     BCF     LED1
                      00088 
001D   2???           00089     GOTO    DESLIGAR_RB2
                      00090 
001E                  00091 DESLIGAR_RB2
001E   1985           00092     BTFSC   BOTAO_RA3
001F   2???           00093     GOTO    DESLIGAR_RB2
                      00094 
0020   1106           00095     BCF     LED2
MPASM 5.71  /HOME/MATHEUS/DOCUMENTOS/DISCIPL   8-12-2024  19:26:16         PAGE  3


LOC  OBJECT CODE     LINE SOURCE TEXT
  VALUE

                      00096 
0021   2???           00097     GOTO    DESLIGAR_RB3
                      00098 
0022                  00099 DESLIGAR_RB3
0022   1A05           00100     BTFSC   BOTAO_RA4
0023   2???           00101     GOTO    DESLIGAR_RB3
                      00102 
0024   1186           00103     BCF     LED3
                      00104 
0025   2???           00105     GOTO    START           ; como todos os LEDs estão apagados, voltar ao início
                      00106 
                      00107 
Warning[205]: Found directive in column 1. (END)
3F70                  00108 END
MPASM 5.71  /HOME/MATHEUS/DOCUMENTOS/DISCIPL   8-12-2024  19:26:16         PAGE  4


SYMBOL TABLE
  LABEL                             VALUE 

ADDEN                             00000003
ADEN                              00000003
BOTAO_RA1                         PORTA,1
BOTAO_RA2                         PORTA,2
BOTAO_RA3                         PORTA,3
BOTAO_RA4                         PORTA,4
BRGH                              00000002
C                                 00000000
C1INV                             00000004
C1OUT                             00000006
C2INV                             00000005
C2OUT                             00000007
CCP1CON                           00000017
CCP1IE                            00000002
CCP1IF                            00000002
CCP1M0                            00000000
CCP1M1                            00000001
CCP1M2                            00000002
CCP1M3                            00000003
CCP1X                             00000005
CCP1Y                             00000004
CCPR1                             00000015
CCPR1H                            00000016
CCPR1L                            00000015
CIS                               00000003
CM0                               00000000
CM1                               00000001
CM2                               00000002
CMCON                             0000001F
CMIE                              00000006
CMIF                              00000006
CREN                              00000004
CSRC                              00000007
DATA_CP_OFF                       00003FFF
DATA_CP_ON                        00003EFF
DC                                00000001
DESLIGAR_RB0                      00000016
DESLIGAR_RB1                      0000001A
DESLIGAR_RB2                      0000001E
DESLIGAR_RB3                      00000022
EEADR                             0000009B
EECON1                            0000009C
EECON2                            0000009D
EEDATA                            0000009A
EEIE                              00000007
EEIF                              00000007
F                                 00000001
FERR                              00000002
FSR                               00000004
GIE                               00000007
INDF                              00000000
INTCON                            0000000B
INTE                              00000004
MPASM 5.71  /HOME/MATHEUS/DOCUMENTOS/DISCIPL   8-12-2024  19:26:16         PAGE  5


SYMBOL TABLE
  LABEL                             VALUE 

INTEDG                            00000006
INTF                              00000001
IRP                               00000007
LED0                              PORTB,0
LED1                              PORTB,1
LED2                              PORTB,2
LED3                              PORTB,3
LIGAR_RB0                         00000006
LIGAR_RB1                         0000000A
LIGAR_RB2                         0000000E
LIGAR_RB3                         00000012
NOT_BO                            00000000
NOT_BOD                           00000000
NOT_BOR                           00000000
NOT_PD                            00000003
NOT_POR                           00000001
NOT_RBPU                          00000007
NOT_T1SYNC                        00000002
NOT_TO                            00000004
OERR                              00000001
OPTION_REG                        00000081
OSCF                              00000003
PCL                               00000002
PCLATH                            0000000A
PCON                              0000008E
PEIE                              00000006
PIE1                              0000008C
PIR1                              0000000C
PORTA                             00000005
PORTB                             00000006
PR2                               00000092
PS0                               00000000
PS1                               00000001
PS2                               00000002
PSA                               00000003
RA0                               00000000
RA1                               00000001
RA2                               00000002
RA3                               00000003
RA4                               00000004
RA5                               00000005
RA6                               00000006
RA7                               00000007
RB0                               00000000
RB1                               00000001
RB2                               00000002
RB3                               00000003
RB4                               00000004
RB5                               00000005
RB6                               00000006
RB7                               00000007
RBIE                              00000003
RBIF                              00000000
MPASM 5.71  /HOME/MATHEUS/DOCUMENTOS/DISCIPL   8-12-2024  19:26:16         PAGE  6


SYMBOL TABLE
  LABEL                             VALUE 

RCIE                              00000005
RCIF                              00000005
RCREG                             0000001A
RCSTA                             00000018
RD                                00000000
RP0                               00000005
RP1                               00000006
RX9                               00000006
RX9D                              00000000
SPBRG                             00000099
SPEN                              00000007
SREN                              00000005
START                             00000004
STATUS                            00000003
SYNC                              00000004
T0CS                              00000005
T0IE                              00000005
T0IF                              00000002
T0SE                              00000004
T1CKPS0                           00000004
T1CKPS1                           00000005
T1CON                             00000010
T1OSCEN                           00000003
T2CKPS0                           00000000
T2CKPS1                           00000001
T2CON                             00000012
TMR0                              00000001
TMR0IE                            00000005
TMR0IF                            00000002
TMR1                              0000000E
TMR1CS                            00000001
TMR1H                             0000000F
TMR1IE                            00000000
TMR1IF                            00000000
TMR1L                             0000000E
TMR1ON                            00000000
TMR2                              00000011
TMR2IE                            00000001
TMR2IF                            00000001
TMR2ON                            00000002
TOUTPS0                           00000003
TOUTPS1                           00000004
TOUTPS2                           00000005
TOUTPS3                           00000006
TRISA                             00000085
TRISA0                            00000000
TRISA1                            00000001
TRISA2                            00000002
TRISA3                            00000003
TRISA4                            00000004
TRISA5                            00000005
TRISA6                            00000006
TRISA7                            00000007
MPASM 5.71  /HOME/MATHEUS/DOCUMENTOS/DISCIPL   8-12-2024  19:26:16         PAGE  7


SYMBOL TABLE
  LABEL                             VALUE 

TRISB                             00000086
TRISB0                            00000000
TRISB1                            00000001
TRISB2                            00000002
TRISB3                            00000003
TRISB4                            00000004
TRISB5                            00000005
TRISB6                            00000006
TRISB7                            00000007
TRMT                              00000001
TX9                               00000006
TX9D                              00000000
TXEN                              00000005
TXIE                              00000004
TXIF                              00000004
TXREG                             00000019
TXSTA                             00000098
VR0                               00000000
VR1                               00000001
VR2                               00000002
VR3                               00000003
VRCON                             0000009F
VREN                              00000007
VROE                              00000006
VRR                               00000005
W                                 00000000
WR                                00000001
WREN                              00000002
WRERR                             00000003
Z                                 00000002
_BODEN_OFF                        00003FBF
_BODEN_ON                         00003FFF
_BOREN_OFF                        00003FBF
_BOREN_ON                         00003FFF
_CONFIG                           00002007
_CPD_OFF                          00003FFF
_CPD_ON                           00003EFF
_CP_OFF                           00003FFF
_CP_ON                            00001FFF
_DEVID1                           00002006
_ER_OSC_CLKOUT                    00003FFF
_ER_OSC_NOCLKOUT                  00003FFE
_EXTCLK_OSC                       00003FEF
_FOSC_ECIO                        00003FEF
_FOSC_EXTRCCLK                    00003FFF
_FOSC_EXTRCIO                     00003FFE
_FOSC_HS                          00003FEE
_FOSC_INTOSCCLK                   00003FFD
_FOSC_INTOSCIO                    00003FFC
_FOSC_LP                          00003FEC
_FOSC_XT                          00003FED
_HS_OSC                           00003FEE
_IDLOC0                           00002000
MPASM 5.71  /HOME/MATHEUS/DOCUMENTOS/DISCIPL   8-12-2024  19:26:16         PAGE  8


SYMBOL TABLE
  LABEL                             VALUE 

_IDLOC1                           00002001
_IDLOC2                           00002002
_IDLOC3                           00002003
_INTOSC_OSC_CLKOUT                00003FFD
_INTOSC_OSC_NOCLKOUT              00003FFC
_INTRC_OSC_CLKOUT                 00003FFD
_INTRC_OSC_NOCLKOUT               00003FFC
_LP_OSC                           00003FEC
_LVP_OFF                          00003F7F
_LVP_ON                           00003FFF
_MCLRE_OFF                        00003FDF
_MCLRE_ON                         00003FFF
_PWRTE_OFF                        00003FFF
_PWRTE_ON                         00003FF7
_RC_OSC_CLKOUT                    00003FFF
_RC_OSC_NOCLKOUT                  00003FFE
_WDTE_OFF                         00003FFB
_WDTE_ON                          00003FFF
_WDT_OFF                          00003FFB
_WDT_ON                           00003FFF
_XT_OSC                           00003FED
__16F628A                         00000001

Errors   :     0
Warnings :     1 reported,     0 suppressed
Messages :     1 reported,     0 suppressed

