MPASM 5.71  /HOME/MATHEUS/DOCUMENTOS/DISCIPL   8-21-2024  10:41:14         PAGE  1


LOC  OBJECT CODE     LINE SOURCE TEXT
  VALUE

                      00001 ; TODO INSERT CONFIG CODE HERE USING CONFIG BITS GENERATOR
                      00002 
                      00003 ; PIC16F628A Configuration Bit Settings
                      00004 
                      00005 ; Assembly source line config statements
                      00006 
                      00007 #include "p16f628a.inc"
                      00001         LIST
                      00002 
                      00003 ;==========================================================================
                      00004 ; Build date : Nov 17 2016
                      00005 ;  MPASM PIC16F628A processor include
                      00006 ; 
                      00007 ;  (c) Copyright 1999-2016 Microchip Technology, All rights reserved
                      00008 ;==========================================================================
                      00009 
                      00386         LIST
                      00008 
                      00009 ; CONFIG
                      00010 ; __config 0xFF70
2007   3F70           00011  __CONFIG _FOSC_INTOSCIO & _WDTE_OFF & _PWRTE_ON & _MCLRE_ON & _BOREN_ON & _LVP_OFF & _CPD_OFF & _CP_OFF
                      00012 
                      00013 
                      00014 #define BANK0   BCF STATUS,RP0
                      00015 #define BANK1   BSF STATUS,RP0
                      00016  
Warning[205]: Found directive in column 1. (CBLOCK)
                      00017 CBLOCK 0X20
  00000020            00018     TEMPO1
  00000021            00019     TEMPO2
Warning[205]: Found directive in column 1. (ENDC)
                      00020 ENDC
                      00021 
                      00022 ; saídas
                      00023 #define     LAMPADA     PORTA,0
                      00024 
                      00025 ; constantes
  000000FA            00026 V_TEMPO1    equ         .250
  000000FA            00027 V_TEMPO2    equ         .250
                      00028 
                      00029     
                      00030 RES_VECT  CODE    0x0000            ; processor reset vector
0000   1683           00031     BANK1
Message[302]: Register in operand not in bank 0.  Ensure that bank bits are correct.
0001   1005           00032     BCF     TRISA,0
0002   1283           00033     BANK0
                      00034     
                      00035     
0003                  00036 LACO_PRINCIPAL
                      00037     
0003   1405           00038     BSF     LAMPADA
0004   2???           00039     CALL    ESPERAR_500MS
                      00040     
MPASM 5.71  /HOME/MATHEUS/DOCUMENTOS/DISCIPL   8-21-2024  10:41:14         PAGE  2


LOC  OBJECT CODE     LINE SOURCE TEXT
  VALUE

0005   1005           00041     BCF     LAMPADA
0006   2???           00042     CALL    ESPERAR_500MS
                      00043     
0007   2???           00044     GOTO    LACO_PRINCIPAL
                      00045     
                      00046 
0008                  00047 ESPERAR_500MS
                      00048     
0008   30FA           00049     MOVLW   V_TEMPO1                ; 1us
0009   00A0           00050     MOVWF   TEMPO1                  ; 1us
                      00051     
                      00052 
000A                  00053 INICIALIZA_TEMPO2
                      00054     
000A   30FA           00055     MOVLW   V_TEMPO2                ; 1us
000B   00A1           00056     MOVWF   TEMPO2                  ; 1us
                      00057     
                      00058     
000C                  00059 DEC_TEMPO2
                      00060     
000C   0BA1           00061     DECFSZ  TEMPO2,F                ; 1us/2us
000D   2???           00062     GOTO    DEC_TEMPO2              ; 2us
                      00063     
                      00064    
000E                  00065 DEC_TEMPO1
                      00066     
000E   0BA0           00067     DECFSZ  TEMPO1,F                ; 1us/2us
000F   2???           00068     GOTO    INICIALIZA_TEMPO2       ; 2us
                      00069     
0010   0008           00070     RETURN                          ; 2us
                      00071     
                      00072     
3F70                  00073     END
MPASM 5.71  /HOME/MATHEUS/DOCUMENTOS/DISCIPL   8-21-2024  10:41:14         PAGE  3


SYMBOL TABLE
  LABEL                             VALUE 

ADDEN                             00000003
ADEN                              00000003
BANK0                             BCF STATUS,RP0
BANK1                             BSF STATUS,RP0
BRGH                              00000002
C                                 00000000
C1INV                             00000004
C1OUT                             00000006
C2INV                             00000005
C2OUT                             00000007
CCP1CON                           00000017
CCP1IE                            00000002
CCP1IF                            00000002
CCP1M0                            00000000
CCP1M1                            00000001
CCP1M2                            00000002
CCP1M3                            00000003
CCP1X                             00000005
CCP1Y                             00000004
CCPR1                             00000015
CCPR1H                            00000016
CCPR1L                            00000015
CIS                               00000003
CM0                               00000000
CM1                               00000001
CM2                               00000002
CMCON                             0000001F
CMIE                              00000006
CMIF                              00000006
CREN                              00000004
CSRC                              00000007
DATA_CP_OFF                       00003FFF
DATA_CP_ON                        00003EFF
DC                                00000001
DEC_TEMPO1                        0000000E
DEC_TEMPO2                        0000000C
EEADR                             0000009B
EECON1                            0000009C
EECON2                            0000009D
EEDATA                            0000009A
EEIE                              00000007
EEIF                              00000007
ESPERAR_500MS                     00000008
F                                 00000001
FERR                              00000002
FSR                               00000004
GIE                               00000007
INDF                              00000000
INICIALIZA_TEMPO2                 0000000A
INTCON                            0000000B
INTE                              00000004
INTEDG                            00000006
INTF                              00000001
MPASM 5.71  /HOME/MATHEUS/DOCUMENTOS/DISCIPL   8-21-2024  10:41:14         PAGE  4


SYMBOL TABLE
  LABEL                             VALUE 

IRP                               00000007
LACO_PRINCIPAL                    00000003
LAMPADA                           PORTA,0
NOT_BO                            00000000
NOT_BOD                           00000000
NOT_BOR                           00000000
NOT_PD                            00000003
NOT_POR                           00000001
NOT_RBPU                          00000007
NOT_T1SYNC                        00000002
NOT_TO                            00000004
OERR                              00000001
OPTION_REG                        00000081
OSCF                              00000003
PCL                               00000002
PCLATH                            0000000A
PCON                              0000008E
PEIE                              00000006
PIE1                              0000008C
PIR1                              0000000C
PORTA                             00000005
PORTB                             00000006
PR2                               00000092
PS0                               00000000
PS1                               00000001
PS2                               00000002
PSA                               00000003
RA0                               00000000
RA1                               00000001
RA2                               00000002
RA3                               00000003
RA4                               00000004
RA5                               00000005
RA6                               00000006
RA7                               00000007
RB0                               00000000
RB1                               00000001
RB2                               00000002
RB3                               00000003
RB4                               00000004
RB5                               00000005
RB6                               00000006
RB7                               00000007
RBIE                              00000003
RBIF                              00000000
RCIE                              00000005
RCIF                              00000005
RCREG                             0000001A
RCSTA                             00000018
RD                                00000000
RP0                               00000005
RP1                               00000006
RX9                               00000006
MPASM 5.71  /HOME/MATHEUS/DOCUMENTOS/DISCIPL   8-21-2024  10:41:14         PAGE  5


SYMBOL TABLE
  LABEL                             VALUE 

RX9D                              00000000
SPBRG                             00000099
SPEN                              00000007
SREN                              00000005
STATUS                            00000003
SYNC                              00000004
T0CS                              00000005
T0IE                              00000005
T0IF                              00000002
T0SE                              00000004
T1CKPS0                           00000004
T1CKPS1                           00000005
T1CON                             00000010
T1OSCEN                           00000003
T2CKPS0                           00000000
T2CKPS1                           00000001
T2CON                             00000012
TEMPO1                            00000020
TEMPO2                            00000021
TMR0                              00000001
TMR0IE                            00000005
TMR0IF                            00000002
TMR1                              0000000E
TMR1CS                            00000001
TMR1H                             0000000F
TMR1IE                            00000000
TMR1IF                            00000000
TMR1L                             0000000E
TMR1ON                            00000000
TMR2                              00000011
TMR2IE                            00000001
TMR2IF                            00000001
TMR2ON                            00000002
TOUTPS0                           00000003
TOUTPS1                           00000004
TOUTPS2                           00000005
TOUTPS3                           00000006
TRISA                             00000085
TRISA0                            00000000
TRISA1                            00000001
TRISA2                            00000002
TRISA3                            00000003
TRISA4                            00000004
TRISA5                            00000005
TRISA6                            00000006
TRISA7                            00000007
TRISB                             00000086
TRISB0                            00000000
TRISB1                            00000001
TRISB2                            00000002
TRISB3                            00000003
TRISB4                            00000004
TRISB5                            00000005
MPASM 5.71  /HOME/MATHEUS/DOCUMENTOS/DISCIPL   8-21-2024  10:41:14         PAGE  6


SYMBOL TABLE
  LABEL                             VALUE 

TRISB6                            00000006
TRISB7                            00000007
TRMT                              00000001
TX9                               00000006
TX9D                              00000000
TXEN                              00000005
TXIE                              00000004
TXIF                              00000004
TXREG                             00000019
TXSTA                             00000098
VR0                               00000000
VR1                               00000001
VR2                               00000002
VR3                               00000003
VRCON                             0000009F
VREN                              00000007
VROE                              00000006
VRR                               00000005
V_TEMPO1                          000000FA
V_TEMPO2                          000000FA
W                                 00000000
WR                                00000001
WREN                              00000002
WRERR                             00000003
Z                                 00000002
_BODEN_OFF                        00003FBF
_BODEN_ON                         00003FFF
_BOREN_OFF                        00003FBF
_BOREN_ON                         00003FFF
_CONFIG                           00002007
_CPD_OFF                          00003FFF
_CPD_ON                           00003EFF
_CP_OFF                           00003FFF
_CP_ON                            00001FFF
_DEVID1                           00002006
_ER_OSC_CLKOUT                    00003FFF
_ER_OSC_NOCLKOUT                  00003FFE
_EXTCLK_OSC                       00003FEF
_FOSC_ECIO                        00003FEF
_FOSC_EXTRCCLK                    00003FFF
_FOSC_EXTRCIO                     00003FFE
_FOSC_HS                          00003FEE
_FOSC_INTOSCCLK                   00003FFD
_FOSC_INTOSCIO                    00003FFC
_FOSC_LP                          00003FEC
_FOSC_XT                          00003FED
_HS_OSC                           00003FEE
_IDLOC0                           00002000
_IDLOC1                           00002001
_IDLOC2                           00002002
_IDLOC3                           00002003
_INTOSC_OSC_CLKOUT                00003FFD
_INTOSC_OSC_NOCLKOUT              00003FFC
MPASM 5.71  /HOME/MATHEUS/DOCUMENTOS/DISCIPL   8-21-2024  10:41:14         PAGE  7


SYMBOL TABLE
  LABEL                             VALUE 

_INTRC_OSC_CLKOUT                 00003FFD
_INTRC_OSC_NOCLKOUT               00003FFC
_LP_OSC                           00003FEC
_LVP_OFF                          00003F7F
_LVP_ON                           00003FFF
_MCLRE_OFF                        00003FDF
_MCLRE_ON                         00003FFF
_PWRTE_OFF                        00003FFF
_PWRTE_ON                         00003FF7
_RC_OSC_CLKOUT                    00003FFF
_RC_OSC_NOCLKOUT                  00003FFE
_WDTE_OFF                         00003FFB
_WDTE_ON                          00003FFF
_WDT_OFF                          00003FFB
_WDT_ON                           00003FFF
_XT_OSC                           00003FED
__16F628A                         00000001
__DEBUG                           
__MPLAB_DEBUGGER_SIMULATOR        1

Errors   :     0
Warnings :     2 reported,     0 suppressed
Messages :     1 reported,     0 suppressed

